#! /usr/local/bin/vvp
:ivl_version "13.0 (devel)" "(s20250103-36-gea26587b5)";
:ivl_delay_selection "TYPICAL";
:vpi_time_precision - 12;
:vpi_module "/usr/local/lib/ivl/system.vpi";
:vpi_module "/usr/local/lib/ivl/vhdl_sys.vpi";
:vpi_module "/usr/local/lib/ivl/vhdl_textio.vpi";
:vpi_module "/usr/local/lib/ivl/v2005_math.vpi";
:vpi_module "/usr/local/lib/ivl/va_math.vpi";
S_0x5aab6796d950 .scope module, "tb_rca" "tb_rca" 2 3;
 .timescale -9 -12;
P_0x5aab6796dae0 .param/l "WIDTH" 0 2 6, +C4<00000000000000000000000000000100>;
v0x5aab67995ec0_0 .var "a", 3 0;
v0x5aab67995fa0_0 .var "b", 3 0;
v0x5aab67996070_0 .var "cin", 0 0;
v0x5aab67996170_0 .net "cout", 0 0, L_0x5aab67999500;  1 drivers
v0x5aab67996240_0 .net "sum", 3 0, L_0x5aab67998520;  1 drivers
S_0x5aab6796db80 .scope module, "uut" "rca" 2 17, 3 1 0, S_0x5aab6796d950;
 .timescale 0 0;
    .port_info 0 /INPUT 4 "a";
    .port_info 1 /INPUT 4 "b";
    .port_info 2 /INPUT 1 "cin";
    .port_info 3 /OUTPUT 4 "sum";
    .port_info 4 /OUTPUT 1 "cout";
P_0x5aab6796deb0 .param/l "N" 0 3 1, +C4<00000000000000000000000000000100>;
L_0x5aab67998b70 .functor BUFZ 1, v0x5aab67996070_0, C4<0>, C4<0>, C4<0>;
v0x5aab679950b0_0 .net *"_ivl_0", 0 0, L_0x5aab679962e0;  1 drivers
v0x5aab679951b0_0 .net *"_ivl_14", 0 0, L_0x5aab679979f0;  1 drivers
v0x5aab67995290_0 .net *"_ivl_16", 0 0, L_0x5aab67997a90;  1 drivers
v0x5aab67995350_0 .net *"_ivl_2", 0 0, L_0x5aab679963e0;  1 drivers
v0x5aab67995430_0 .net *"_ivl_21", 0 0, L_0x5aab67998760;  1 drivers
v0x5aab67995510_0 .net *"_ivl_23", 0 0, L_0x5aab67998800;  1 drivers
v0x5aab679955f0_0 .net *"_ivl_33", 0 0, L_0x5aab67998b70;  1 drivers
v0x5aab679956d0_0 .net *"_ivl_7", 0 0, L_0x5aab67996e60;  1 drivers
v0x5aab679957b0_0 .net *"_ivl_9", 0 0, L_0x5aab67996f00;  1 drivers
v0x5aab67995920_0 .net "a", 3 0, v0x5aab67995ec0_0;  1 drivers
v0x5aab67995a00_0 .net "b", 3 0, v0x5aab67995fa0_0;  1 drivers
v0x5aab67995ae0_0 .net "carry", 4 0, L_0x5aab67999200;  1 drivers
v0x5aab67995bc0_0 .net "cin", 0 0, v0x5aab67996070_0;  1 drivers
v0x5aab67995c80_0 .net "cout", 0 0, L_0x5aab67999500;  alias, 1 drivers
v0x5aab67995d40_0 .net "sum", 3 0, L_0x5aab67998520;  alias, 1 drivers
L_0x5aab67996500 .part v0x5aab67995ec0_0, 0, 1;
L_0x5aab67996730 .part v0x5aab67995fa0_0, 0, 1;
L_0x5aab67996ad0 .part L_0x5aab67999200, 0, 1;
L_0x5aab67996ff0 .part v0x5aab67995ec0_0, 1, 1;
L_0x5aab67997230 .part v0x5aab67995fa0_0, 1, 1;
L_0x5aab67997600 .part L_0x5aab67999200, 1, 1;
L_0x5aab67997b80 .part v0x5aab67995ec0_0, 2, 1;
L_0x5aab67997da0 .part v0x5aab67995fa0_0, 2, 1;
L_0x5aab67998180 .part L_0x5aab67999200, 2, 1;
L_0x5aab67998520 .concat8 [ 1 1 1 1], L_0x5aab679963e0, L_0x5aab67996f00, L_0x5aab67997a90, L_0x5aab67998800;
L_0x5aab679988f0 .part v0x5aab67995ec0_0, 3, 1;
L_0x5aab67998ad0 .part v0x5aab67995fa0_0, 3, 1;
L_0x5aab67998e60 .part L_0x5aab67999200, 3, 1;
LS_0x5aab67999200_0_0 .concat8 [ 1 1 1 1], L_0x5aab67998b70, L_0x5aab679962e0, L_0x5aab67996e60, L_0x5aab679979f0;
LS_0x5aab67999200_0_4 .concat8 [ 1 0 0 0], L_0x5aab67998760;
L_0x5aab67999200 .concat8 [ 4 1 0 0], LS_0x5aab67999200_0_0, LS_0x5aab67999200_0_4;
L_0x5aab67999500 .part L_0x5aab67999200, 4, 1;
S_0x5aab67972630 .scope generate, "full_adder_block[0]" "full_adder_block[0]" 3 14, 3 14 0, S_0x5aab6796db80;
 .timescale 0 0;
P_0x5aab6796ec00 .param/l "i" 1 3 14, +C4<00>;
L_0x779f90abc060 .functor BUFT 1, C4<0>, C4<0>, C4<0>, C4<0>;
v0x5aab6795d180_0 .net *"_ivl_12", 0 0, L_0x779f90abc060;  1 drivers
v0x5aab67959fa0_0 .net *"_ivl_13", 1 0, L_0x5aab67996990;  1 drivers
v0x5aab67966c90_0 .net *"_ivl_15", 0 0, L_0x5aab67996ad0;  1 drivers
v0x5aab67992310_0 .net *"_ivl_16", 1 0, L_0x5aab67996b70;  1 drivers
L_0x779f90abc0a8 .functor BUFT 1, C4<0>, C4<0>, C4<0>, C4<0>;
v0x5aab679923f0_0 .net *"_ivl_19", 0 0, L_0x779f90abc0a8;  1 drivers
v0x5aab67992520_0 .net *"_ivl_20", 1 0, L_0x5aab67996d20;  1 drivers
v0x5aab67992600_0 .net *"_ivl_3", 0 0, L_0x5aab67996500;  1 drivers
v0x5aab679926e0_0 .net *"_ivl_4", 1 0, L_0x5aab679965f0;  1 drivers
L_0x779f90abc018 .functor BUFT 1, C4<0>, C4<0>, C4<0>, C4<0>;
v0x5aab679927c0_0 .net *"_ivl_7", 0 0, L_0x779f90abc018;  1 drivers
v0x5aab679928a0_0 .net *"_ivl_8", 0 0, L_0x5aab67996730;  1 drivers
v0x5aab67992980_0 .net *"_ivl_9", 1 0, L_0x5aab67996820;  1 drivers
L_0x5aab679962e0 .part L_0x5aab67996d20, 1, 1;
L_0x5aab679963e0 .part L_0x5aab67996d20, 0, 1;
L_0x5aab679965f0 .concat [ 1 1 0 0], L_0x5aab67996500, L_0x779f90abc018;
L_0x5aab67996820 .concat [ 1 1 0 0], L_0x5aab67996730, L_0x779f90abc060;
L_0x5aab67996990 .arith/sum 2, L_0x5aab679965f0, L_0x5aab67996820;
L_0x5aab67996b70 .concat [ 1 1 0 0], L_0x5aab67996ad0, L_0x779f90abc0a8;
L_0x5aab67996d20 .arith/sum 2, L_0x5aab67996990, L_0x5aab67996b70;
S_0x5aab67992a60 .scope generate, "full_adder_block[1]" "full_adder_block[1]" 3 14, 3 14 0, S_0x5aab6796db80;
 .timescale 0 0;
P_0x5aab67992c30 .param/l "i" 1 3 14, +C4<01>;
L_0x779f90abc138 .functor BUFT 1, C4<0>, C4<0>, C4<0>, C4<0>;
v0x5aab67992cf0_0 .net *"_ivl_12", 0 0, L_0x779f90abc138;  1 drivers
v0x5aab67992dd0_0 .net *"_ivl_13", 1 0, L_0x5aab679974c0;  1 drivers
v0x5aab67992eb0_0 .net *"_ivl_15", 0 0, L_0x5aab67997600;  1 drivers
v0x5aab67992f70_0 .net *"_ivl_16", 1 0, L_0x5aab67997730;  1 drivers
L_0x779f90abc180 .functor BUFT 1, C4<0>, C4<0>, C4<0>, C4<0>;
v0x5aab67993050_0 .net *"_ivl_19", 0 0, L_0x779f90abc180;  1 drivers
v0x5aab67993180_0 .net *"_ivl_20", 1 0, L_0x5aab679978b0;  1 drivers
v0x5aab67993260_0 .net *"_ivl_3", 0 0, L_0x5aab67996ff0;  1 drivers
v0x5aab67993340_0 .net *"_ivl_4", 1 0, L_0x5aab679970c0;  1 drivers
L_0x779f90abc0f0 .functor BUFT 1, C4<0>, C4<0>, C4<0>, C4<0>;
v0x5aab67993420_0 .net *"_ivl_7", 0 0, L_0x779f90abc0f0;  1 drivers
v0x5aab67993500_0 .net *"_ivl_8", 0 0, L_0x5aab67997230;  1 drivers
v0x5aab679935e0_0 .net *"_ivl_9", 1 0, L_0x5aab679972d0;  1 drivers
L_0x5aab67996e60 .part L_0x5aab679978b0, 1, 1;
L_0x5aab67996f00 .part L_0x5aab679978b0, 0, 1;
L_0x5aab679970c0 .concat [ 1 1 0 0], L_0x5aab67996ff0, L_0x779f90abc0f0;
L_0x5aab679972d0 .concat [ 1 1 0 0], L_0x5aab67997230, L_0x779f90abc138;
L_0x5aab679974c0 .arith/sum 2, L_0x5aab679970c0, L_0x5aab679972d0;
L_0x5aab67997730 .concat [ 1 1 0 0], L_0x5aab67997600, L_0x779f90abc180;
L_0x5aab679978b0 .arith/sum 2, L_0x5aab679974c0, L_0x5aab67997730;
S_0x5aab679936c0 .scope generate, "full_adder_block[2]" "full_adder_block[2]" 3 14, 3 14 0, S_0x5aab6796db80;
 .timescale 0 0;
P_0x5aab67993870 .param/l "i" 1 3 14, +C4<010>;
L_0x779f90abc210 .functor BUFT 1, C4<0>, C4<0>, C4<0>, C4<0>;
v0x5aab67993930_0 .net *"_ivl_12", 0 0, L_0x779f90abc210;  1 drivers
v0x5aab67993a10_0 .net *"_ivl_13", 1 0, L_0x5aab67998040;  1 drivers
v0x5aab67993af0_0 .net *"_ivl_15", 0 0, L_0x5aab67998180;  1 drivers
v0x5aab67993be0_0 .net *"_ivl_16", 1 0, L_0x5aab67998220;  1 drivers
L_0x779f90abc258 .functor BUFT 1, C4<0>, C4<0>, C4<0>, C4<0>;
v0x5aab67993cc0_0 .net *"_ivl_19", 0 0, L_0x779f90abc258;  1 drivers
v0x5aab67993df0_0 .net *"_ivl_20", 1 0, L_0x5aab67998430;  1 drivers
v0x5aab67993ed0_0 .net *"_ivl_3", 0 0, L_0x5aab67997b80;  1 drivers
v0x5aab67993fb0_0 .net *"_ivl_4", 1 0, L_0x5aab67997cb0;  1 drivers
L_0x779f90abc1c8 .functor BUFT 1, C4<0>, C4<0>, C4<0>, C4<0>;
v0x5aab67994090_0 .net *"_ivl_7", 0 0, L_0x779f90abc1c8;  1 drivers
v0x5aab67994200_0 .net *"_ivl_8", 0 0, L_0x5aab67997da0;  1 drivers
v0x5aab679942e0_0 .net *"_ivl_9", 1 0, L_0x5aab67997f20;  1 drivers
L_0x5aab679979f0 .part L_0x5aab67998430, 1, 1;
L_0x5aab67997a90 .part L_0x5aab67998430, 0, 1;
L_0x5aab67997cb0 .concat [ 1 1 0 0], L_0x5aab67997b80, L_0x779f90abc1c8;
L_0x5aab67997f20 .concat [ 1 1 0 0], L_0x5aab67997da0, L_0x779f90abc210;
L_0x5aab67998040 .arith/sum 2, L_0x5aab67997cb0, L_0x5aab67997f20;
L_0x5aab67998220 .concat [ 1 1 0 0], L_0x5aab67998180, L_0x779f90abc258;
L_0x5aab67998430 .arith/sum 2, L_0x5aab67998040, L_0x5aab67998220;
S_0x5aab679943c0 .scope generate, "full_adder_block[3]" "full_adder_block[3]" 3 14, 3 14 0, S_0x5aab6796db80;
 .timescale 0 0;
P_0x5aab67994570 .param/l "i" 1 3 14, +C4<011>;
L_0x779f90abc2e8 .functor BUFT 1, C4<0>, C4<0>, C4<0>, C4<0>;
v0x5aab67994650_0 .net *"_ivl_12", 0 0, L_0x779f90abc2e8;  1 drivers
v0x5aab67994730_0 .net *"_ivl_13", 1 0, L_0x5aab67998d20;  1 drivers
v0x5aab67994810_0 .net *"_ivl_15", 0 0, L_0x5aab67998e60;  1 drivers
v0x5aab679948d0_0 .net *"_ivl_16", 1 0, L_0x5aab67998f90;  1 drivers
L_0x779f90abc330 .functor BUFT 1, C4<0>, C4<0>, C4<0>, C4<0>;
v0x5aab679949b0_0 .net *"_ivl_19", 0 0, L_0x779f90abc330;  1 drivers
v0x5aab67994ae0_0 .net *"_ivl_20", 1 0, L_0x5aab679990c0;  1 drivers
v0x5aab67994bc0_0 .net *"_ivl_3", 0 0, L_0x5aab679988f0;  1 drivers
v0x5aab67994ca0_0 .net *"_ivl_4", 1 0, L_0x5aab67998990;  1 drivers
L_0x779f90abc2a0 .functor BUFT 1, C4<0>, C4<0>, C4<0>, C4<0>;
v0x5aab67994d80_0 .net *"_ivl_7", 0 0, L_0x779f90abc2a0;  1 drivers
v0x5aab67994ef0_0 .net *"_ivl_8", 0 0, L_0x5aab67998ad0;  1 drivers
v0x5aab67994fd0_0 .net *"_ivl_9", 1 0, L_0x5aab67998be0;  1 drivers
L_0x5aab67998760 .part L_0x5aab679990c0, 1, 1;
L_0x5aab67998800 .part L_0x5aab679990c0, 0, 1;
L_0x5aab67998990 .concat [ 1 1 0 0], L_0x5aab679988f0, L_0x779f90abc2a0;
L_0x5aab67998be0 .concat [ 1 1 0 0], L_0x5aab67998ad0, L_0x779f90abc2e8;
L_0x5aab67998d20 .arith/sum 2, L_0x5aab67998990, L_0x5aab67998be0;
L_0x5aab67998f90 .concat [ 1 1 0 0], L_0x5aab67998e60, L_0x779f90abc330;
L_0x5aab679990c0 .arith/sum 2, L_0x5aab67998d20, L_0x5aab67998f90;
    .scope S_0x5aab6796d950;
T_0 ;
    %vpi_call 2 26 "$dumpfile", "tb_rca.vcd" {0 0 0};
    %vpi_call 2 27 "$dumpvars", 32'sb00000000000000000000000000000001, S_0x5aab6796d950 {0 0 0};
    %end;
    .thread T_0;
    .scope S_0x5aab6796d950;
T_1 ;
    %vpi_call 2 33 "$monitor", $time, "a=%b b=%b cin=%b cout=%b sum=%b", v0x5aab67995ec0_0, v0x5aab67995fa0_0, v0x5aab67996070_0, v0x5aab67996170_0, v0x5aab67996240_0 {0 0 0};
    %pushi/vec4 0, 0, 4;
    %store/vec4 v0x5aab67995ec0_0, 0, 4;
    %pushi/vec4 0, 0, 4;
    %store/vec4 v0x5aab67995fa0_0, 0, 4;
    %pushi/vec4 0, 0, 1;
    %store/vec4 v0x5aab67996070_0, 0, 1;
    %delay 10000, 0;
    %pushi/vec4 3, 0, 4;
    %store/vec4 v0x5aab67995ec0_0, 0, 4;
    %pushi/vec4 5, 0, 4;
    %store/vec4 v0x5aab67995fa0_0, 0, 4;
    %pushi/vec4 0, 0, 1;
    %store/vec4 v0x5aab67996070_0, 0, 1;
    %delay 10000, 0;
    %pushi/vec4 15, 0, 4;
    %store/vec4 v0x5aab67995ec0_0, 0, 4;
    %pushi/vec4 1, 0, 4;
    %store/vec4 v0x5aab67995fa0_0, 0, 4;
    %pushi/vec4 1, 0, 1;
    %store/vec4 v0x5aab67996070_0, 0, 1;
    %delay 10000, 0;
    %pushi/vec4 10, 0, 4;
    %store/vec4 v0x5aab67995ec0_0, 0, 4;
    %pushi/vec4 5, 0, 4;
    %store/vec4 v0x5aab67995fa0_0, 0, 4;
    %pushi/vec4 0, 0, 1;
    %store/vec4 v0x5aab67996070_0, 0, 1;
    %delay 10000, 0;
    %pushi/vec4 15, 0, 4;
    %store/vec4 v0x5aab67995ec0_0, 0, 4;
    %pushi/vec4 15, 0, 4;
    %store/vec4 v0x5aab67995fa0_0, 0, 4;
    %pushi/vec4 1, 0, 1;
    %store/vec4 v0x5aab67996070_0, 0, 1;
    %delay 10000, 0;
    %vpi_call 2 41 "$finish" {0 0 0};
    %end;
    .thread T_1;
# The file index is used to find the file name in the following table.
:file_names 4;
    "N/A";
    "<interactive>";
    "tb_rca.v";
    "rca.v";
